<?xml version="1.0" encoding="UTF-8"?>
<!-- Generated by org.testng.reporters.JUnitXMLReporter -->
<testsuite ignored="5" hostname="WILASSETA0041.local" failures="0" tests="1" name="Default test" time="218.494" errors="0" timestamp="06 Jun 2023 07:50:31 GMT">
  <testcase classname="com.PlanIT.WitsLab.tests.BacklogTestScript" name="moveTicketFromOneBoardToAnother" time="171.708"/>
  <testcase classname="com.PlanIT.WitsLab.tests.BacklogTestScript" name="verifyCreateIssueFromBoard" time="0.0">
    <ignored/>
  </testcase> <!-- verifyCreateIssueFromBoard -->
  <testcase classname="com.PlanIT.WitsLab.tests.BacklogTestScript" name="verifyCreateSprintFunctionality" time="0.0">
    <ignored/>
  </testcase> <!-- verifyCreateSprintFunctionality -->
  <testcase classname="com.PlanIT.WitsLab.tests.BacklogTestScript" name="verifySprintActivation" time="0.0">
    <ignored/>
  </testcase> <!-- verifySprintActivation -->
  <testcase classname="com.PlanIT.WitsLab.tests.BacklogTestScript" name="verifyAddMemberFunctionalityFromBoard" time="0.0">
    <ignored/>
  </testcase> <!-- verifyAddMemberFunctionalityFromBoard -->
  <testcase classname="com.PlanIT.WitsLab.tests.BacklogTestScript" name="verifyCreateIssueFromBacklogFunctionality" time="0.0">
    <ignored/>
  </testcase> <!-- verifyCreateIssueFromBacklogFunctionality -->
</testsuite> <!-- Default test -->
