<?xml version="1.0" encoding="UTF-8"?>
<testng-results ignored="0" total="1" passed="1" failed="0" skipped="0">
  <reporter-output>
  </reporter-output>
  <suite started-at="2024-08-29T04:28:05Z" name="BlazeDemo" finished-at="2024-08-29T04:29:00Z" duration-ms="55226">
    <groups>
    </groups>
    <test started-at="2024-08-29T04:28:05Z" name="Hassans Test" finished-at="2024-08-29T04:29:00Z" duration-ms="55226">
      <class name="com.hassans.tests.HassanTest">
        <test-method is-config="true" signature="createObject()[pri:0, instance:com.hassans.tests.HassanTest@4659191b]" started-at="2024-08-29T04:28:05Z" name="createObject" finished-at="2024-08-29T04:28:05Z" duration-ms="320" status="PASS">
          <reporter-output>
          </reporter-output>
        </test-method> <!-- createObject -->
        <test-method is-config="true" signature="setUp(java.lang.String)[pri:0, instance:com.hassans.tests.HassanTest@4659191b]" started-at="2024-08-29T04:28:05Z" name="setUp" finished-at="2024-08-29T04:28:15Z" duration-ms="9927" status="PASS">
          <params>
            <param index="0">
              <value>
                <![CDATA[chrome]]>
              </value>
            </param>
          </params>
          <reporter-output>
          </reporter-output>
        </test-method> <!-- setUp -->
        <test-method is-config="true" signature="verifyloginPage(java.lang.reflect.Method)[pri:0, instance:com.hassans.tests.HassanTest@4659191b]" started-at="2024-08-29T04:28:15Z" name="verifyloginPage" finished-at="2024-08-29T04:28:30Z" duration-ms="15071" status="PASS">
          <params>
            <param index="0">
              <value>
                <![CDATA[public void com.hassans.tests.HassanTest.verifyCustomerMobileDropdown() throws java.lang.Exception]]>
              </value>
            </param>
          </params>
          <reporter-output>
          </reporter-output>
        </test-method> <!-- verifyloginPage -->
        <test-method signature="verifyCustomerMobileDropdown()[pri:0, instance:com.hassans.tests.HassanTest@4659191b]" started-at="2024-08-29T04:28:30Z" name="verifyCustomerMobileDropdown" finished-at="2024-08-29T04:28:55Z" duration-ms="25051" status="PASS">
          <reporter-output>
          </reporter-output>
        </test-method> <!-- verifyCustomerMobileDropdown -->
        <test-method is-config="true" signature="logout(org.testng.ITestResult, java.lang.reflect.Method)[pri:0, instance:com.hassans.tests.HassanTest@4659191b]" started-at="2024-08-29T04:28:55Z" name="logout" finished-at="2024-08-29T04:28:59Z" duration-ms="4369" status="PASS">
          <params>
            <param index="0">
              <value>
                <![CDATA[[TestResult name=verifyCustomerMobileDropdown status=SUCCESS method=HassanTest.verifyCustomerMobileDropdown()[pri:0, instance:com.hassans.tests.HassanTest@4659191b] output={null}]]]>
              </value>
            </param>
            <param index="1">
              <value>
                <![CDATA[public void com.hassans.tests.HassanTest.verifyCustomerMobileDropdown() throws java.lang.Exception]]>
              </value>
            </param>
          </params>
          <reporter-output>
          </reporter-output>
        </test-method> <!-- logout -->
        <test-method is-config="true" signature="afterTestThreadContextCleanup()[pri:0, instance:com.hassans.tests.HassanTest@4659191b]" started-at="2024-08-29T04:28:59Z" name="afterTestThreadContextCleanup" finished-at="2024-08-29T04:29:00Z" duration-ms="777" status="PASS">
          <reporter-output>
          </reporter-output>
        </test-method> <!-- afterTestThreadContextCleanup -->
        <test-method is-config="true" signature="generateReport()[pri:0, instance:com.hassans.tests.HassanTest@4659191b]" started-at="2024-08-29T04:29:00Z" name="generateReport" finished-at="2024-08-29T04:29:00Z" duration-ms="121" status="PASS">
          <reporter-output>
          </reporter-output>
        </test-method> <!-- generateReport -->
      </class> <!-- com.hassans.tests.HassanTest -->
    </test> <!-- Hassans Test -->
  </suite> <!-- BlazeDemo -->
</testng-results>
